2011-03-11 23:35:11 [INFO] Starting minecraft server version Beta 1.3
2011-03-11 23:35:11 [INFO] Loading properties
2011-03-11 23:35:11 [WARNING] server.properties does not exist
2011-03-11 23:35:11 [INFO] Generating new properties file
2011-03-11 23:35:11 [INFO] Starting Minecraft server on *:25565
2011-03-11 23:35:12 [WARNING] Failed to load ban list: java.io.FileNotFoundException: banned-players.txt (No such file or directory)
2011-03-11 23:35:12 [WARNING] Failed to load ip ban list: java.io.FileNotFoundException: banned-ips.txt (No such file or directory)
2011-03-11 23:35:12 [WARNING] Failed to load ip ban list: java.io.FileNotFoundException: ops.txt (No such file or directory)
2011-03-11 23:35:12 [WARNING] Failed to load white-list: java.io.FileNotFoundException: white-list.txt (No such file or directory)
2011-03-11 23:35:12 [INFO] Preparing level "world"
2011-03-11 23:35:12 [INFO] Preparing start region
2011-03-11 23:35:17 [INFO] Preparing spawn area: 3%
2011-03-11 23:35:18 [INFO] Preparing spawn area: 4%
2011-03-11 23:35:19 [INFO] Preparing spawn area: 4%
2011-03-11 23:35:20 [INFO] Preparing spawn area: 4%
2011-03-11 23:35:21 [INFO] Preparing spawn area: 8%
2011-03-11 23:35:22 [INFO] Preparing spawn area: 8%
2011-03-11 23:35:23 [INFO] Preparing spawn area: 12%
2011-03-11 23:35:24 [INFO] Preparing spawn area: 12%
2011-03-11 23:35:25 [INFO] Preparing spawn area: 16%
2011-03-11 23:35:26 [INFO] Preparing spawn area: 16%
2011-03-11 23:35:27 [INFO] Preparing spawn area: 20%
2011-03-11 23:35:28 [INFO] Preparing spawn area: 24%
2011-03-11 23:35:29 [INFO] Preparing spawn area: 24%
2011-03-11 23:35:30 [INFO] Preparing spawn area: 28%
2011-03-11 23:35:31 [INFO] Preparing spawn area: 28%
2011-03-11 23:35:32 [INFO] Preparing spawn area: 32%
2011-03-11 23:35:34 [INFO] Preparing spawn area: 32%
2011-03-11 23:35:35 [INFO] Preparing spawn area: 36%
2011-03-11 23:35:36 [INFO] Preparing spawn area: 36%
2011-03-11 23:35:37 [INFO] Preparing spawn area: 40%
2011-03-11 23:35:38 [INFO] Preparing spawn area: 40%
2011-03-11 23:35:39 [INFO] Preparing spawn area: 40%
2011-03-11 23:35:40 [INFO] Preparing spawn area: 44%
2011-03-11 23:35:41 [INFO] Preparing spawn area: 48%
2011-03-11 23:35:42 [INFO] Preparing spawn area: 48%
2011-03-11 23:35:43 [INFO] Preparing spawn area: 52%
2011-03-11 23:35:44 [INFO] Preparing spawn area: 52%
2011-03-11 23:35:45 [INFO] Preparing spawn area: 56%
2011-03-11 23:35:46 [INFO] Preparing spawn area: 57%
2011-03-11 23:35:47 [INFO] Preparing spawn area: 61%
2011-03-11 23:35:48 [INFO] Preparing spawn area: 61%
2011-03-11 23:35:49 [INFO] Preparing spawn area: 61%
2011-03-11 23:35:50 [INFO] Preparing spawn area: 65%
2011-03-11 23:35:51 [INFO] Preparing spawn area: 65%
2011-03-11 23:35:52 [INFO] Preparing spawn area: 69%
2011-03-11 23:35:53 [INFO] Preparing spawn area: 69%
2011-03-11 23:35:54 [INFO] Preparing spawn area: 69%
2011-03-11 23:35:55 [INFO] Preparing spawn area: 69%
2011-03-11 23:35:56 [INFO] Preparing spawn area: 73%
2011-03-11 23:35:57 [INFO] Preparing spawn area: 73%
2011-03-11 23:35:58 [INFO] Preparing spawn area: 73%
2011-03-11 23:36:00 [INFO] Preparing spawn area: 73%
2011-03-11 23:36:01 [INFO] Preparing spawn area: 77%
2011-03-11 23:36:02 [INFO] Preparing spawn area: 77%
2011-03-11 23:36:03 [INFO] Preparing spawn area: 77%
2011-03-11 23:36:04 [INFO] Preparing spawn area: 77%
2011-03-11 23:36:05 [INFO] Preparing spawn area: 81%
2011-03-11 23:36:07 [INFO] Preparing spawn area: 81%
2011-03-11 23:36:08 [INFO] Preparing spawn area: 81%
2011-03-11 23:36:09 [INFO] Preparing spawn area: 81%
2011-03-11 23:36:10 [INFO] Preparing spawn area: 81%
2011-03-11 23:36:11 [INFO] Preparing spawn area: 85%
2011-03-11 23:36:12 [INFO] Preparing spawn area: 85%
2011-03-11 23:36:13 [INFO] Preparing spawn area: 85%
2011-03-11 23:36:14 [INFO] Preparing spawn area: 89%
2011-03-11 23:36:15 [INFO] Preparing spawn area: 89%
2011-03-11 23:36:16 [INFO] Preparing spawn area: 89%
2011-03-11 23:36:17 [INFO] Preparing spawn area: 89%
2011-03-11 23:36:18 [INFO] Preparing spawn area: 89%
2011-03-11 23:36:19 [INFO] Preparing spawn area: 93%
2011-03-11 23:36:20 [INFO] Preparing spawn area: 97%
2011-03-11 23:36:25 [INFO] Preparing spawn area: 97%
2011-03-11 23:36:26 [INFO] Done (74255198636ns)! For help, type "help" or "?"
2011-03-11 23:36:30 [WARNING] Can't keep up! Did the system time change, or is the server overloaded?
2011-03-11 23:36:35 [WARNING] Can't keep up! Did the system time change, or is the server overloaded?
2011-03-11 23:39:47 [INFO] tchalvak [/192.168.1.132:36656] logged in with entity id 4515
2011-03-11 23:39:50 [WARNING] Can't keep up! Did the system time change, or is the server overloaded?
2011-03-11 23:39:58 [WARNING] Can't keep up! Did the system time change, or is the server overloaded?
2011-03-11 23:40:01 [WARNING] Can't keep up! Did the system time change, or is the server overloaded?
2011-03-11 23:40:05 [WARNING] Can't keep up! Did the system time change, or is the server overloaded?
2011-03-11 23:40:09 [WARNING] Can't keep up! Did the system time change, or is the server overloaded?
2011-03-11 23:40:11 [WARNING] Can't keep up! Did the system time change, or is the server overloaded?
2011-03-11 23:40:14 [WARNING] Can't keep up! Did the system time change, or is the server overloaded?
2011-03-11 23:40:54 [INFO] altrntvgrlfrnd [/192.168.1.139:36056] logged in with entity id 7691
2011-03-11 23:41:32 [WARNING] Can't keep up! Did the system time change, or is the server overloaded?
2011-03-11 23:41:38 [WARNING] Can't keep up! Did the system time change, or is the server overloaded?
2011-03-11 23:41:40 [WARNING] Can't keep up! Did the system time change, or is the server overloaded?
2011-03-11 23:41:54 [WARNING] Can't keep up! Did the system time change, or is the server overloaded?
2011-03-11 23:44:54 [WARNING] Can't keep up! Did the system time change, or is the server overloaded?
2011-03-11 23:57:30 [INFO] altrntvgrlfrnd lost connection: disconnect.quitting
2011-03-12 00:00:16 [WARNING] Can't keep up! Did the system time change, or is the server overloaded?
2011-03-12 00:00:18 [INFO] tchalvak lost connection: disconnect.quitting
2011-03-12 00:00:20 [WARNING] Can't keep up! Did the system time change, or is the server overloaded?
2011-03-12 00:00:22 [WARNING] Can't keep up! Did the system time change, or is the server overloaded?
2011-03-12 00:08:01 [INFO] altrntvgrlfrnd [/192.168.1.139:59353] logged in with entity id 129239
2011-03-12 00:15:24 [WARNING] Can't keep up! Did the system time change, or is the server overloaded?
2011-03-12 00:15:25 [INFO] tchalvak [/192.168.1.132:33284] logged in with entity id 147456
2011-03-12 00:15:27 [WARNING] Can't keep up! Did the system time change, or is the server overloaded?
2011-03-12 00:15:31 [WARNING] Can't keep up! Did the system time change, or is the server overloaded?
2011-03-12 00:15:33 [WARNING] Can't keep up! Did the system time change, or is the server overloaded?
2011-03-12 00:15:35 [WARNING] Can't keep up! Did the system time change, or is the server overloaded?
2011-03-12 00:16:48 [WARNING] Can't keep up! Did the system time change, or is the server overloaded?
2011-03-12 00:16:54 [WARNING] Can't keep up! Did the system time change, or is the server overloaded?
2011-03-12 00:17:02 [WARNING] Can't keep up! Did the system time change, or is the server overloaded?
2011-03-12 00:17:24 [WARNING] Can't keep up! Did the system time change, or is the server overloaded?
2011-03-12 00:20:17 [WARNING] Can't keep up! Did the system time change, or is the server overloaded?
2011-03-12 00:39:25 [INFO] altrntvgrlfrnd lost connection: disconnect.timeout
2011-03-12 00:40:09 [INFO] altrntvgrlfrnd [/192.168.1.139:45183] logged in with entity id 316491
2011-03-12 00:55:53 [INFO] altrntvgrlfrnd lost connection: disconnect.quitting
2011-03-12 00:55:57 [INFO] altrntvgrlfrnd [/192.168.1.139:36500] logged in with entity id 483166
2011-03-12 01:05:32 [INFO] tchalvak lost connection: disconnect.quitting
2011-03-12 01:05:50 [INFO] tchalvak [/192.168.1.132:51764] logged in with entity id 525780
2011-03-12 01:16:55 [INFO] altrntvgrlfrnd lost connection: disconnect.timeout
2011-03-12 01:18:11 [INFO] altrntvgrlfrnd [/192.168.1.139:43657] logged in with entity id 549807
2011-03-12 01:24:34 [INFO] altrntvgrlfrnd lost connection: disconnect.quitting
2011-03-12 01:44:59 [WARNING] Can't keep up! Did the system time change, or is the server overloaded?
2011-03-12 01:45:03 [WARNING] Can't keep up! Did the system time change, or is the server overloaded?
2011-03-12 01:45:08 [WARNING] Can't keep up! Did the system time change, or is the server overloaded?
2011-03-12 01:45:12 [WARNING] Can't keep up! Did the system time change, or is the server overloaded?
2011-03-12 01:45:20 [WARNING] Can't keep up! Did the system time change, or is the server overloaded?
2011-03-12 01:45:24 [WARNING] Can't keep up! Did the system time change, or is the server overloaded?
2011-03-12 01:45:26 [WARNING] Can't keep up! Did the system time change, or is the server overloaded?
2011-03-12 01:45:29 [WARNING] Can't keep up! Did the system time change, or is the server overloaded?
2011-03-12 01:45:33 [WARNING] Can't keep up! Did the system time change, or is the server overloaded?
2011-03-12 01:45:40 [WARNING] Can't keep up! Did the system time change, or is the server overloaded?
2011-03-12 01:45:46 [WARNING] Can't keep up! Did the system time change, or is the server overloaded?
2011-03-12 01:45:53 [WARNING] Can't keep up! Did the system time change, or is the server overloaded?
2011-03-12 01:46:03 [WARNING] Can't keep up! Did the system time change, or is the server overloaded?
2011-03-12 01:46:11 [WARNING] Can't keep up! Did the system time change, or is the server overloaded?
2011-03-12 01:46:21 [WARNING] Can't keep up! Did the system time change, or is the server overloaded?
2011-03-12 01:46:28 [WARNING] Can't keep up! Did the system time change, or is the server overloaded?
2011-03-12 03:15:44 [INFO] tchalvak lost connection: disconnect.quitting
2011-03-12 03:15:48 [WARNING] Can't keep up! Did the system time change, or is the server overloaded?
2011-03-12 03:15:58 [INFO] CONSOLE: Stopping the server..
2011-03-12 03:15:58 [INFO] Stopping server
2011-03-12 03:15:58 [INFO] Saving chunks
2011-03-13 19:26:48 [INFO] Starting minecraft server version Beta 1.3
2011-03-13 19:26:49 [INFO] Loading properties
2011-03-13 19:26:49 [INFO] Starting Minecraft server on *:25565
2011-03-13 19:26:49 [INFO] Preparing level "world"
2011-03-13 19:26:49 [INFO] Preparing start region
2011-03-13 19:26:50 [INFO] Preparing spawn area: 28%
2011-03-13 19:26:51 [INFO] Preparing spawn area: 77%
2011-03-13 19:26:52 [INFO] Done (2806598884ns)! For help, type "help" or "?"
2011-03-13 19:27:02 [INFO] tchalvak [/192.168.1.132:56726] logged in with entity id 149
2011-03-13 20:37:53 [INFO] tchalvak lost connection: disconnect.quitting
2011-03-13 20:38:00 [INFO] CONSOLE: Stopping the server..
2011-03-13 20:38:00 [INFO] Stopping server
2011-03-13 20:38:00 [INFO] Saving chunks
2011-03-13 22:27:06 [INFO] Starting minecraft server version Beta 1.3
2011-03-13 22:27:06 [INFO] Loading properties
2011-03-13 22:27:06 [INFO] Starting Minecraft server on *:25565
2011-03-13 22:27:06 [INFO] Preparing level "world"
2011-03-13 22:27:06 [INFO] Preparing start region
2011-03-13 22:27:08 [INFO] Preparing spawn area: 28%
2011-03-13 22:27:09 [INFO] Preparing spawn area: 77%
2011-03-13 22:27:09 [INFO] Done (2585447124ns)! For help, type "help" or "?"
2011-03-13 22:28:13 [INFO] tchalvak [/192.168.1.132:40306] logged in with entity id 110
2011-03-13 22:28:17 [WARNING] Can't keep up! Did the system time change, or is the server overloaded?
2011-03-13 22:31:39 [INFO] altrntvgrlfrnd [/192.168.1.139:46307] logged in with entity id 2392
2011-03-13 22:35:15 [WARNING] Can't keep up! Did the system time change, or is the server overloaded?
2011-03-13 22:35:17 [WARNING] Can't keep up! Did the system time change, or is the server overloaded?
2011-03-13 22:35:20 [WARNING] Can't keep up! Did the system time change, or is the server overloaded?
2011-03-13 22:35:23 [WARNING] Can't keep up! Did the system time change, or is the server overloaded?
2011-03-13 22:35:35 [WARNING] Can't keep up! Did the system time change, or is the server overloaded?
2011-03-13 22:35:43 [WARNING] Can't keep up! Did the system time change, or is the server overloaded?
2011-03-13 22:35:54 [WARNING] Can't keep up! Did the system time change, or is the server overloaded?
2011-03-13 22:36:03 [WARNING] Can't keep up! Did the system time change, or is the server overloaded?
2011-03-13 22:36:13 [WARNING] Can't keep up! Did the system time change, or is the server overloaded?
2011-03-13 22:36:22 [WARNING] Can't keep up! Did the system time change, or is the server overloaded?
2011-03-13 22:36:27 [WARNING] Can't keep up! Did the system time change, or is the server overloaded?
2011-03-13 22:36:31 [WARNING] Can't keep up! Did the system time change, or is the server overloaded?
2011-03-13 22:36:34 [WARNING] Can't keep up! Did the system time change, or is the server overloaded?
2011-03-13 22:36:40 [WARNING] Can't keep up! Did the system time change, or is the server overloaded?
2011-03-13 22:36:43 [WARNING] Can't keep up! Did the system time change, or is the server overloaded?
2011-03-13 22:36:46 [WARNING] Can't keep up! Did the system time change, or is the server overloaded?
2011-03-13 22:36:50 [WARNING] Can't keep up! Did the system time change, or is the server overloaded?
2011-03-13 22:36:52 [WARNING] Can't keep up! Did the system time change, or is the server overloaded?
2011-03-13 22:39:04 [WARNING] Can't keep up! Did the system time change, or is the server overloaded?
2011-03-13 22:40:01 [WARNING] Can't keep up! Did the system time change, or is the server overloaded?
2011-03-13 22:40:04 [WARNING] Can't keep up! Did the system time change, or is the server overloaded?
2011-03-13 22:40:08 [WARNING] Can't keep up! Did the system time change, or is the server overloaded?
2011-03-13 22:40:14 [WARNING] Can't keep up! Did the system time change, or is the server overloaded?
2011-03-13 22:40:25 [WARNING] Can't keep up! Did the system time change, or is the server overloaded?
2011-03-13 22:40:28 [WARNING] Can't keep up! Did the system time change, or is the server overloaded?
2011-03-13 22:40:31 [WARNING] Can't keep up! Did the system time change, or is the server overloaded?
2011-03-13 22:40:33 [WARNING] Can't keep up! Did the system time change, or is the server overloaded?
2011-03-13 22:40:36 [WARNING] Can't keep up! Did the system time change, or is the server overloaded?
2011-03-13 22:40:39 [WARNING] Can't keep up! Did the system time change, or is the server overloaded?
2011-03-13 22:40:42 [WARNING] Can't keep up! Did the system time change, or is the server overloaded?
2011-03-13 22:40:45 [WARNING] Can't keep up! Did the system time change, or is the server overloaded?
2011-03-13 22:40:48 [WARNING] Can't keep up! Did the system time change, or is the server overloaded?
2011-03-13 22:40:51 [WARNING] Can't keep up! Did the system time change, or is the server overloaded?
2011-03-13 22:40:54 [WARNING] Can't keep up! Did the system time change, or is the server overloaded?
2011-03-13 22:40:56 [WARNING] Can't keep up! Did the system time change, or is the server overloaded?
2011-03-13 22:41:00 [WARNING] Can't keep up! Did the system time change, or is the server overloaded?
2011-03-13 22:41:05 [WARNING] Can't keep up! Did the system time change, or is the server overloaded?
2011-03-13 22:41:09 [WARNING] Can't keep up! Did the system time change, or is the server overloaded?
2011-03-13 22:42:30 [WARNING] Can't keep up! Did the system time change, or is the server overloaded?
2011-03-13 22:43:07 [WARNING] Can't keep up! Did the system time change, or is the server overloaded?
2011-03-13 22:43:10 [WARNING] Can't keep up! Did the system time change, or is the server overloaded?
2011-03-13 22:43:42 [WARNING] Can't keep up! Did the system time change, or is the server overloaded?
2011-03-13 22:45:09 [WARNING] Can't keep up! Did the system time change, or is the server overloaded?
2011-03-13 22:45:13 [WARNING] Can't keep up! Did the system time change, or is the server overloaded?
2011-03-13 22:45:15 [WARNING] Can't keep up! Did the system time change, or is the server overloaded?
2011-03-13 22:45:29 [WARNING] Can't keep up! Did the system time change, or is the server overloaded?
2011-03-13 22:45:34 [WARNING] Can't keep up! Did the system time change, or is the server overloaded?
2011-03-13 22:45:38 [WARNING] Can't keep up! Did the system time change, or is the server overloaded?
2011-03-13 22:45:41 [WARNING] Can't keep up! Did the system time change, or is the server overloaded?
2011-03-13 22:45:48 [WARNING] Can't keep up! Did the system time change, or is the server overloaded?
2011-03-13 22:45:57 [WARNING] Can't keep up! Did the system time change, or is the server overloaded?
2011-03-13 22:46:02 [WARNING] Can't keep up! Did the system time change, or is the server overloaded?
2011-03-13 22:46:04 [WARNING] Can't keep up! Did the system time change, or is the server overloaded?
2011-03-13 22:46:06 [WARNING] Can't keep up! Did the system time change, or is the server overloaded?
2011-03-13 22:46:14 [WARNING] Can't keep up! Did the system time change, or is the server overloaded?
2011-03-13 22:46:17 [WARNING] Can't keep up! Did the system time change, or is the server overloaded?
2011-03-13 22:46:20 [WARNING] Can't keep up! Did the system time change, or is the server overloaded?
2011-03-13 22:46:22 [WARNING] Can't keep up! Did the system time change, or is the server overloaded?
2011-03-13 22:47:43 [WARNING] Can't keep up! Did the system time change, or is the server overloaded?
2011-03-13 22:48:17 [WARNING] Can't keep up! Did the system time change, or is the server overloaded?
2011-03-13 22:48:40 [WARNING] Can't keep up! Did the system time change, or is the server overloaded?
2011-03-13 22:48:42 [WARNING] Can't keep up! Did the system time change, or is the server overloaded?
2011-03-13 22:50:10 [WARNING] Can't keep up! Did the system time change, or is the server overloaded?
2011-03-13 22:50:12 [WARNING] Can't keep up! Did the system time change, or is the server overloaded?
2011-03-13 22:50:15 [WARNING] Can't keep up! Did the system time change, or is the server overloaded?
2011-03-13 22:50:19 [WARNING] Can't keep up! Did the system time change, or is the server overloaded?
2011-03-13 22:50:22 [WARNING] Can't keep up! Did the system time change, or is the server overloaded?
2011-03-13 22:50:27 [WARNING] Can't keep up! Did the system time change, or is the server overloaded?
2011-03-13 22:50:31 [WARNING] Can't keep up! Did the system time change, or is the server overloaded?
2011-03-13 22:50:34 [WARNING] Can't keep up! Did the system time change, or is the server overloaded?
2011-03-13 22:50:38 [WARNING] Can't keep up! Did the system time change, or is the server overloaded?
2011-03-13 22:50:41 [WARNING] Can't keep up! Did the system time change, or is the server overloaded?
2011-03-13 22:50:44 [WARNING] Can't keep up! Did the system time change, or is the server overloaded?
2011-03-13 22:50:49 [WARNING] Can't keep up! Did the system time change, or is the server overloaded?
2011-03-13 22:50:52 [WARNING] Can't keep up! Did the system time change, or is the server overloaded?
2011-03-13 22:50:58 [WARNING] Can't keep up! Did the system time change, or is the server overloaded?
2011-03-13 22:51:01 [WARNING] Can't keep up! Did the system time change, or is the server overloaded?
2011-03-13 22:51:03 [WARNING] Can't keep up! Did the system time change, or is the server overloaded?
2011-03-13 22:51:09 [WARNING] Can't keep up! Did the system time change, or is the server overloaded?
2011-03-13 22:51:12 [WARNING] Can't keep up! Did the system time change, or is the server overloaded?
2011-03-13 22:51:14 [WARNING] Can't keep up! Did the system time change, or is the server overloaded?
2011-03-13 22:51:17 [WARNING] Can't keep up! Did the system time change, or is the server overloaded?
2011-03-13 22:53:13 [WARNING] Can't keep up! Did the system time change, or is the server overloaded?
2011-03-13 22:53:15 [WARNING] Can't keep up! Did the system time change, or is the server overloaded?
2011-03-13 22:55:06 [WARNING] Can't keep up! Did the system time change, or is the server overloaded?
2011-03-13 22:55:13 [WARNING] Can't keep up! Did the system time change, or is the server overloaded?
2011-03-13 22:55:31 [WARNING] Can't keep up! Did the system time change, or is the server overloaded?
2011-03-13 22:55:43 [WARNING] Can't keep up! Did the system time change, or is the server overloaded?
2011-03-13 22:55:47 [WARNING] Can't keep up! Did the system time change, or is the server overloaded?
2011-03-13 22:55:50 [WARNING] Can't keep up! Did the system time change, or is the server overloaded?
2011-03-13 22:55:53 [WARNING] Can't keep up! Did the system time change, or is the server overloaded?
2011-03-13 22:56:01 [WARNING] Can't keep up! Did the system time change, or is the server overloaded?
2011-03-13 23:00:09 [WARNING] Can't keep up! Did the system time change, or is the server overloaded?
2011-03-13 23:00:16 [WARNING] Can't keep up! Did the system time change, or is the server overloaded?
2011-03-13 23:00:19 [WARNING] Can't keep up! Did the system time change, or is the server overloaded?
2011-03-13 23:00:32 [WARNING] Can't keep up! Did the system time change, or is the server overloaded?
2011-03-13 23:00:46 [WARNING] Can't keep up! Did the system time change, or is the server overloaded?
2011-03-13 23:00:49 [WARNING] Can't keep up! Did the system time change, or is the server overloaded?
2011-03-13 23:01:01 [WARNING] Can't keep up! Did the system time change, or is the server overloaded?
2011-03-13 23:01:05 [WARNING] Can't keep up! Did the system time change, or is the server overloaded?
2011-03-13 23:03:37 [WARNING] Can't keep up! Did the system time change, or is the server overloaded?
2011-03-13 23:03:39 [WARNING] Can't keep up! Did the system time change, or is the server overloaded?
2011-03-13 23:03:42 [WARNING] Can't keep up! Did the system time change, or is the server overloaded?
2011-03-13 23:03:45 [WARNING] Can't keep up! Did the system time change, or is the server overloaded?
2011-03-13 23:03:59 [WARNING] Can't keep up! Did the system time change, or is the server overloaded?
2011-03-13 23:04:02 [WARNING] Can't keep up! Did the system time change, or is the server overloaded?
2011-03-13 23:04:04 [WARNING] Can't keep up! Did the system time change, or is the server overloaded?
2011-03-13 23:04:07 [WARNING] Can't keep up! Did the system time change, or is the server overloaded?
2011-03-13 23:04:30 [WARNING] Can't keep up! Did the system time change, or is the server overloaded?
2011-03-13 23:04:53 [WARNING] Can't keep up! Did the system time change, or is the server overloaded?
2011-03-13 23:04:56 [WARNING] Can't keep up! Did the system time change, or is the server overloaded?
2011-03-13 23:05:28 [WARNING] Can't keep up! Did the system time change, or is the server overloaded?
2011-03-13 23:05:33 [WARNING] Can't keep up! Did the system time change, or is the server overloaded?
2011-03-13 23:05:38 [WARNING] Can't keep up! Did the system time change, or is the server overloaded?
2011-03-13 23:05:40 [WARNING] Can't keep up! Did the system time change, or is the server overloaded?
2011-03-13 23:05:45 [WARNING] Can't keep up! Did the system time change, or is the server overloaded?
2011-03-13 23:05:47 [WARNING] Can't keep up! Did the system time change, or is the server overloaded?
2011-03-13 23:05:49 [WARNING] Can't keep up! Did the system time change, or is the server overloaded?
2011-03-13 23:05:53 [WARNING] Can't keep up! Did the system time change, or is the server overloaded?
2011-03-13 23:10:05 [WARNING] Can't keep up! Did the system time change, or is the server overloaded?
2011-03-13 23:10:11 [WARNING] Can't keep up! Did the system time change, or is the server overloaded?
2011-03-13 23:10:14 [WARNING] Can't keep up! Did the system time change, or is the server overloaded?
2011-03-13 23:10:17 [WARNING] Can't keep up! Did the system time change, or is the server overloaded?
2011-03-13 23:10:37 [WARNING] Can't keep up! Did the system time change, or is the server overloaded?
2011-03-13 23:10:41 [WARNING] Can't keep up! Did the system time change, or is the server overloaded?
2011-03-13 23:10:43 [WARNING] Can't keep up! Did the system time change, or is the server overloaded?
2011-03-13 23:10:46 [WARNING] Can't keep up! Did the system time change, or is the server overloaded?
2011-03-13 23:10:55 [WARNING] Can't keep up! Did the system time change, or is the server overloaded?
2011-03-13 23:10:58 [WARNING] Can't keep up! Did the system time change, or is the server overloaded?
2011-03-13 23:11:13 [WARNING] Can't keep up! Did the system time change, or is the server overloaded?
2011-03-13 23:11:15 [WARNING] Can't keep up! Did the system time change, or is the server overloaded?
2011-03-13 23:11:19 [WARNING] Can't keep up! Did the system time change, or is the server overloaded?
2011-03-13 23:14:08 [WARNING] Can't keep up! Did the system time change, or is the server overloaded?
2011-03-13 23:15:16 [WARNING] Can't keep up! Did the system time change, or is the server overloaded?
2011-03-13 23:15:21 [WARNING] Can't keep up! Did the system time change, or is the server overloaded?
2011-03-13 23:15:24 [WARNING] Can't keep up! Did the system time change, or is the server overloaded?
2011-03-13 23:15:28 [WARNING] Can't keep up! Did the system time change, or is the server overloaded?
2011-03-13 23:15:33 [WARNING] Can't keep up! Did the system time change, or is the server overloaded?
2011-03-13 23:20:35 [WARNING] Can't keep up! Did the system time change, or is the server overloaded?
2011-03-13 23:20:38 [WARNING] Can't keep up! Did the system time change, or is the server overloaded?
2011-03-13 23:20:41 [WARNING] Can't keep up! Did the system time change, or is the server overloaded?
2011-03-13 23:20:44 [WARNING] Can't keep up! Did the system time change, or is the server overloaded?
2011-03-13 23:21:31 [WARNING] Can't keep up! Did the system time change, or is the server overloaded?
2011-03-13 23:21:34 [WARNING] Can't keep up! Did the system time change, or is the server overloaded?
2011-03-13 23:21:36 [WARNING] Can't keep up! Did the system time change, or is the server overloaded?
2011-03-13 23:22:37 [WARNING] Can't keep up! Did the system time change, or is the server overloaded?
2011-03-13 23:23:14 [WARNING] Can't keep up! Did the system time change, or is the server overloaded?
2011-03-13 23:23:17 [INFO] tchalvak lost connection: disconnect.quitting
2011-03-13 23:23:20 [WARNING] Can't keep up! Did the system time change, or is the server overloaded?
2011-03-13 23:30:03 [INFO] altrntvgrlfrnd lost connection: disconnect.quitting
2011-03-13 23:30:05 [INFO] CONSOLE: Stopping the server..
2011-03-13 23:30:05 [INFO] Stopping server
2011-03-13 23:30:05 [INFO] Saving chunks
2011-03-13 23:32:57 [INFO] Starting minecraft server version Beta 1.3
2011-03-13 23:32:57 [INFO] Loading properties
2011-03-13 23:32:57 [INFO] Starting Minecraft server on *:25565
2011-03-13 23:32:58 [INFO] Preparing level "world"
2011-03-13 23:32:58 [INFO] Preparing start region
2011-03-13 23:32:59 [INFO] Preparing spawn area: 36%
2011-03-13 23:33:00 [INFO] Preparing spawn area: 85%
2011-03-13 23:33:00 [INFO] Done (2569955402ns)! For help, type "help" or "?"
2011-03-13 23:34:10 [INFO] tchalvak [/192.168.1.132:45681] logged in with entity id 179
2011-03-13 23:34:18 [INFO] altrntvgrlfrnd [/192.168.1.139:39333] logged in with entity id 337
2011-03-14 01:26:46 [WARNING] Can't keep up! Did the system time change, or is the server overloaded?
2011-03-14 01:27:07 [WARNING] Can't keep up! Did the system time change, or is the server overloaded?
2011-03-14 01:27:11 [WARNING] Can't keep up! Did the system time change, or is the server overloaded?
2011-03-14 01:28:15 [WARNING] Can't keep up! Did the system time change, or is the server overloaded?
2011-03-14 01:35:16 [WARNING] Can't keep up! Did the system time change, or is the server overloaded?
2011-03-14 01:35:22 [WARNING] Can't keep up! Did the system time change, or is the server overloaded?
2011-03-14 01:39:57 [INFO] altrntvgrlfrnd lost connection: disconnect.quitting
2011-03-14 01:40:00 [WARNING] Can't keep up! Did the system time change, or is the server overloaded?
2011-03-14 01:46:08 [INFO] tchalvak lost connection: disconnect.quitting
2011-03-14 01:46:28 [INFO] CONSOLE: Stopping the server..
2011-03-14 01:46:28 [INFO] Stopping server
2011-03-14 01:46:28 [INFO] Saving chunks
2011-03-15 22:31:07 [INFO] Starting minecraft server version Beta 1.3
2011-03-15 22:31:07 [INFO] Loading properties
2011-03-15 22:31:07 [INFO] Starting Minecraft server on *:25565
2011-03-15 22:31:07 [INFO] Preparing level "world"
2011-03-15 22:31:08 [INFO] Preparing start region
2011-03-15 22:31:09 [INFO] Preparing spawn area: 12%
2011-03-15 22:31:10 [INFO] Preparing spawn area: 56%
2011-03-15 22:31:10 [INFO] Done (2943281481ns)! For help, type "help" or "?"
2011-03-15 22:31:13 [INFO] CONSOLE: Stopping the server..
2011-03-15 22:31:13 [INFO] Stopping server
2011-03-15 22:31:13 [INFO] Saving chunks
2011-03-15 22:34:57 [INFO] Starting minecraft server version Beta 1.3
2011-03-15 22:34:57 [INFO] Loading properties
2011-03-15 22:34:57 [INFO] Starting Minecraft server on *:25565
2011-03-15 22:34:57 [INFO] Preparing level "world"
2011-03-15 22:34:57 [INFO] Preparing start region
2011-03-15 22:34:58 [INFO] Preparing spawn area: 40%
2011-03-15 22:34:59 [INFO] Preparing spawn area: 97%
2011-03-15 22:34:59 [INFO] Done (2520534104ns)! For help, type "help" or "?"
2011-03-15 22:35:40 [INFO] altrntvgrlfrnd [/192.168.1.139:60910] logged in with entity id 178
2011-03-15 22:45:58 [INFO] altrntvgrlfrnd lost connection: disconnect.quitting
2011-03-15 22:46:01 [INFO] altrntvgrlfrnd [/192.168.1.139:45879] logged in with entity id 16945
2011-03-15 22:46:10 [INFO] altrntvgrlfrnd lost connection: disconnect.quitting
2011-03-15 22:47:25 [INFO] altrntvgrlfrnd [/192.168.1.139:46049] logged in with entity id 17109
2011-03-15 22:48:39 [WARNING] Can't keep up! Did the system time change, or is the server overloaded?
2011-03-15 22:49:02 [WARNING] Can't keep up! Did the system time change, or is the server overloaded?
2011-03-15 22:51:35 [INFO] altrntvgrlfrnd lost connection: disconnect.quitting
2011-03-15 23:22:38 [INFO] altrntvgrlfrnd [/192.168.1.139:37196] logged in with entity id 24765
2011-03-15 23:27:59 [INFO] tchalvak [/192.168.1.132:58097] logged in with entity id 30466
2011-03-15 23:34:50 [INFO] altrntvgrlfrnd lost connection: disconnect.quitting
2011-03-15 23:35:33 [WARNING] Can't keep up! Did the system time change, or is the server overloaded?
2011-03-15 23:35:54 [INFO] altrntvgrlfrnd [/192.168.1.139:32950] logged in with entity id 42287
2011-03-16 00:40:20 [WARNING] Can't keep up! Did the system time change, or is the server overloaded?
2011-03-16 00:40:23 [WARNING] Can't keep up! Did the system time change, or is the server overloaded?
2011-03-16 01:39:01 [WARNING] Can't keep up! Did the system time change, or is the server overloaded?
2011-03-16 01:40:25 [WARNING] Can't keep up! Did the system time change, or is the server overloaded?
2011-03-16 01:54:25 [INFO] altrntvgrlfrnd lost connection: disconnect.quitting
2011-03-16 01:54:59 [INFO] tchalvak lost connection: disconnect.quitting
2011-03-16 01:55:01 [WARNING] Can't keep up! Did the system time change, or is the server overloaded?
2011-03-16 01:55:19 [INFO] CONSOLE: Stopping the server..
2011-03-16 01:55:19 [INFO] Stopping server
2011-03-16 01:55:19 [INFO] Saving chunks
2011-03-17 22:23:50 [INFO] Starting minecraft server version Beta 1.3
2011-03-17 22:23:50 [INFO] Loading properties
2011-03-17 22:23:50 [INFO] Starting Minecraft server on *:25565
2011-03-17 22:23:51 [INFO] Preparing level "world"
2011-03-17 22:23:51 [INFO] Preparing start region
2011-03-17 22:23:52 [INFO] Preparing spawn area: 40%
2011-03-17 22:23:53 [INFO] Preparing spawn area: 89%
2011-03-17 22:23:53 [INFO] Done (2716266599ns)! For help, type "help" or "?"
2011-03-17 22:24:56 [INFO] tchalvak [/192.168.1.132:54475] logged in with entity id 172
2011-03-17 22:25:00 [WARNING] Can't keep up! Did the system time change, or is the server overloaded?
2011-03-17 22:25:03 [WARNING] Can't keep up! Did the system time change, or is the server overloaded?
2011-03-17 22:25:05 [WARNING] Can't keep up! Did the system time change, or is the server overloaded?
2011-03-17 22:28:24 [INFO] tchalvak lost connection: disconnect.quitting
2011-03-17 22:28:47 [INFO] CONSOLE: Stopping the server..
2011-03-17 22:28:47 [INFO] Stopping server
2011-03-17 22:28:47 [INFO] Saving chunks
2011-03-18 22:32:10 [INFO] Starting minecraft server version Beta 1.3
2011-03-18 22:32:10 [INFO] Loading properties
2011-03-18 22:32:10 [INFO] Starting Minecraft server on *:25565
2011-03-18 22:32:10 [INFO] Preparing level "world"
2011-03-18 22:32:10 [INFO] Preparing start region
2011-03-18 22:32:12 [INFO] Preparing spawn area: 20%
2011-03-18 22:32:13 [INFO] Preparing spawn area: 73%
2011-03-18 22:32:13 [INFO] Done (2764934300ns)! For help, type "help" or "?"
2011-03-18 22:33:28 [INFO] altrntvgrlfrnd [/192.168.1.139:50537] logged in with entity id 183
2011-03-18 22:58:18 [INFO] tchalvak [/192.168.1.132:53377] logged in with entity id 27818
2011-03-18 23:14:29 [INFO] tchalvak lost connection: disconnect.quitting
2011-03-18 23:14:37 [INFO] altrntvgrlfrnd lost connection: disconnect.quitting
2011-03-18 23:14:47 [INFO] CONSOLE: Stopping the server..
2011-03-18 23:14:47 [INFO] Stopping server
2011-03-18 23:14:47 [INFO] Saving chunks
2011-03-18 23:15:38 [INFO] Starting minecraft server version Beta 1.3
2011-03-18 23:15:38 [INFO] Loading properties
2011-03-18 23:15:38 [INFO] Starting Minecraft server on *:25565
2011-03-18 23:15:38 [INFO] Preparing level "world"
2011-03-18 23:15:38 [INFO] Preparing start region
2011-03-18 23:15:40 [INFO] Preparing spawn area: 12%
2011-03-18 23:15:41 [INFO] Preparing spawn area: 65%
2011-03-18 23:15:41 [INFO] Done (2941979639ns)! For help, type "help" or "?"
2011-03-18 23:16:11 [INFO] tchalvak [/192.168.1.132:48046] logged in with entity id 175
2011-03-18 23:16:18 [WARNING] Can't keep up! Did the system time change, or is the server overloaded?
2011-03-18 23:16:21 [WARNING] Can't keep up! Did the system time change, or is the server overloaded?
2011-03-18 23:16:23 [WARNING] Can't keep up! Did the system time change, or is the server overloaded?
2011-03-18 23:17:06 [INFO] altrntvgrlfrnd [/192.168.1.139:45754] logged in with entity id 731
2011-03-18 23:27:46 [WARNING] Can't keep up! Did the system time change, or is the server overloaded?
2011-03-18 23:31:15 [INFO] altrntvgrlfrnd lost connection: disconnect.quitting
2011-03-18 23:34:29 [WARNING] Can't keep up! Did the system time change, or is the server overloaded?
2011-03-18 23:34:34 [WARNING] Can't keep up! Did the system time change, or is the server overloaded?
2011-03-18 23:34:56 [INFO] altrntvgrlfrnd [/192.168.1.139:49586] logged in with entity id 24888
2011-03-18 23:35:14 [WARNING] Can't keep up! Did the system time change, or is the server overloaded?
2011-03-18 23:35:27 [WARNING] Can't keep up! Did the system time change, or is the server overloaded?
2011-03-18 23:35:30 [WARNING] Can't keep up! Did the system time change, or is the server overloaded?
2011-03-18 23:35:33 [WARNING] Can't keep up! Did the system time change, or is the server overloaded?
2011-03-18 23:36:35 [WARNING] Can't keep up! Did the system time change, or is the server overloaded?
2011-03-18 23:37:11 [WARNING] Can't keep up! Did the system time change, or is the server overloaded?
2011-03-18 23:40:28 [WARNING] Can't keep up! Did the system time change, or is the server overloaded?
2011-03-18 23:40:31 [WARNING] Can't keep up! Did the system time change, or is the server overloaded?
2011-03-18 23:40:34 [WARNING] Can't keep up! Did the system time change, or is the server overloaded?
2011-03-18 23:50:20 [WARNING] Can't keep up! Did the system time change, or is the server overloaded?
2011-03-18 23:50:24 [WARNING] Can't keep up! Did the system time change, or is the server overloaded?
2011-03-18 23:54:22 [INFO] tchalvak lost connection: disconnect.quitting
2011-03-18 23:54:36 [WARNING] Can't keep up! Did the system time change, or is the server overloaded?
2011-03-18 23:54:39 [WARNING] Can't keep up! Did the system time change, or is the server overloaded?
2011-03-18 23:54:42 [WARNING] Can't keep up! Did the system time change, or is the server overloaded?
2011-03-18 23:54:47 [WARNING] Can't keep up! Did the system time change, or is the server overloaded?
2011-03-18 23:54:52 [WARNING] Can't keep up! Did the system time change, or is the server overloaded?
2011-03-18 23:55:34 [INFO] altrntvgrlfrnd lost connection: disconnect.quitting
2011-03-18 23:55:42 [INFO] CONSOLE: Stopping the server..
2011-03-18 23:55:42 [INFO] Stopping server
2011-03-18 23:55:42 [INFO] Saving chunks
2011-03-18 23:58:50 [INFO] Starting minecraft server version Beta 1.3
2011-03-18 23:58:50 [INFO] Loading properties
2011-03-18 23:58:50 [INFO] Starting Minecraft server on *:25565
2011-03-18 23:58:51 [INFO] Preparing level "world"
2011-03-18 23:58:51 [INFO] Preparing start region
2011-03-18 23:58:52 [INFO] Preparing spawn area: 28%
2011-03-18 23:58:53 [INFO] Preparing spawn area: 85%
2011-03-18 23:58:53 [INFO] Done (2423824535ns)! For help, type "help" or "?"
2011-03-18 23:59:13 [INFO] CONSOLE: Stopping the server..
2011-03-18 23:59:13 [INFO] Stopping server
2011-03-18 23:59:13 [INFO] Saving chunks
2011-03-18 23:59:48 [INFO] Starting minecraft server version Beta 1.3
2011-03-18 23:59:48 [INFO] Loading properties
2011-03-18 23:59:48 [INFO] Starting Minecraft server on *:25565
2011-03-18 23:59:48 [INFO] Preparing level "porkchop"
2011-03-18 23:59:48 [INFO] Preparing start region
2011-03-18 23:59:50 [INFO] Preparing spawn area: 0%
2011-03-18 23:59:52 [INFO] Preparing spawn area: 4%
2011-03-18 23:59:53 [INFO] Preparing spawn area: 4%
2011-03-18 23:59:54 [INFO] Preparing spawn area: 8%
2011-03-18 23:59:55 [INFO] Preparing spawn area: 8%
2011-03-18 23:59:56 [INFO] Preparing spawn area: 8%
2011-03-18 23:59:57 [INFO] Preparing spawn area: 12%
2011-03-18 23:59:58 [INFO] Preparing spawn area: 12%
2011-03-18 23:59:59 [INFO] Preparing spawn area: 16%
2011-03-19 00:00:00 [INFO] Preparing spawn area: 16%
2011-03-19 00:00:01 [INFO] Preparing spawn area: 16%
2011-03-19 00:00:02 [INFO] Preparing spawn area: 20%
2011-03-19 00:00:03 [INFO] Preparing spawn area: 20%
2011-03-19 00:00:04 [INFO] Preparing spawn area: 24%
2011-03-19 00:00:05 [INFO] Preparing spawn area: 24%
2011-03-19 00:00:06 [INFO] Preparing spawn area: 24%
2011-03-19 00:00:07 [INFO] Preparing spawn area: 28%
2011-03-19 00:00:08 [INFO] Preparing spawn area: 28%
2011-03-19 00:00:10 [INFO] Preparing spawn area: 28%
2011-03-19 00:00:11 [INFO] Preparing spawn area: 32%
2011-03-19 00:00:12 [INFO] Preparing spawn area: 32%
2011-03-19 00:00:13 [INFO] Preparing spawn area: 32%
2011-03-19 00:00:14 [INFO] Preparing spawn area: 32%
2011-03-19 00:00:16 [INFO] Preparing spawn area: 32%
2011-03-19 00:00:17 [INFO] Preparing spawn area: 32%
2011-03-19 00:00:18 [INFO] Preparing spawn area: 32%
2011-03-19 00:00:19 [INFO] Preparing spawn area: 36%
2011-03-19 00:00:20 [INFO] Preparing spawn area: 36%
2011-03-19 00:00:21 [INFO] Preparing spawn area: 36%
2011-03-19 00:00:23 [INFO] Preparing spawn area: 36%
2011-03-19 00:00:24 [INFO] Preparing spawn area: 36%
2011-03-19 00:00:25 [INFO] Preparing spawn area: 40%
2011-03-19 00:00:26 [INFO] Preparing spawn area: 40%
2011-03-19 00:00:27 [INFO] Preparing spawn area: 40%
2011-03-19 00:00:28 [INFO] Preparing spawn area: 40%
2011-03-19 00:00:29 [INFO] Preparing spawn area: 40%
2011-03-19 00:00:30 [INFO] Preparing spawn area: 44%
2011-03-19 00:00:31 [INFO] Preparing spawn area: 44%
2011-03-19 00:00:32 [INFO] Preparing spawn area: 44%
2011-03-19 00:00:33 [INFO] Preparing spawn area: 44%
2011-03-19 00:00:34 [INFO] Preparing spawn area: 48%
2011-03-19 00:00:35 [INFO] Preparing spawn area: 48%
2011-03-19 00:00:37 [INFO] Preparing spawn area: 48%
2011-03-19 00:00:38 [INFO] Preparing spawn area: 52%
2011-03-19 00:00:39 [INFO] Preparing spawn area: 52%
2011-03-19 00:00:40 [INFO] Preparing spawn area: 53%
2011-03-19 00:00:41 [INFO] Preparing spawn area: 56%
2011-03-19 00:00:42 [INFO] Preparing spawn area: 56%
2011-03-19 00:00:43 [INFO] Preparing spawn area: 57%
2011-03-19 00:00:44 [INFO] Preparing spawn area: 57%
2011-03-19 00:00:45 [INFO] Preparing spawn area: 60%
2011-03-19 00:00:46 [INFO] Preparing spawn area: 61%
2011-03-19 00:00:47 [INFO] Preparing spawn area: 61%
2011-03-19 00:00:49 [INFO] Preparing spawn area: 61%
2011-03-19 00:00:50 [INFO] Preparing spawn area: 61%
2011-03-19 00:00:51 [INFO] Preparing spawn area: 61%
2011-03-19 00:00:52 [INFO] Preparing spawn area: 65%
2011-03-19 00:00:53 [INFO] Preparing spawn area: 65%
2011-03-19 00:00:54 [INFO] Preparing spawn area: 65%
2011-03-19 00:00:55 [INFO] Preparing spawn area: 65%
2011-03-19 00:00:56 [INFO] Preparing spawn area: 69%
2011-03-19 00:00:57 [INFO] Preparing spawn area: 69%
2011-03-19 00:00:59 [INFO] Preparing spawn area: 69%
2011-03-19 00:01:00 [INFO] Preparing spawn area: 69%
2011-03-19 00:01:01 [INFO] Preparing spawn area: 69%
2011-03-19 00:01:02 [INFO] Preparing spawn area: 69%
2011-03-19 00:01:03 [INFO] Preparing spawn area: 73%
2011-03-19 00:01:04 [INFO] Preparing spawn area: 73%
2011-03-19 00:01:05 [INFO] Preparing spawn area: 73%
2011-03-19 00:01:06 [INFO] Preparing spawn area: 73%
2011-03-19 00:01:07 [INFO] Preparing spawn area: 73%
2011-03-19 00:01:09 [INFO] Preparing spawn area: 73%
2011-03-19 00:01:10 [INFO] Preparing spawn area: 77%
2011-03-19 00:01:11 [INFO] Preparing spawn area: 77%
2011-03-19 00:01:12 [INFO] Preparing spawn area: 77%
2011-03-19 00:01:13 [INFO] Preparing spawn area: 77%
2011-03-19 00:01:15 [INFO] Preparing spawn area: 77%
2011-03-19 00:01:16 [INFO] Preparing spawn area: 77%
2011-03-19 00:01:17 [INFO] Preparing spawn area: 81%
2011-03-19 00:01:18 [INFO] Preparing spawn area: 81%
2011-03-19 00:01:19 [INFO] Preparing spawn area: 81%
2011-03-19 00:01:20 [INFO] Preparing spawn area: 81%
2011-03-19 00:01:21 [INFO] Preparing spawn area: 81%
2011-03-19 00:01:22 [INFO] Preparing spawn area: 81%
2011-03-19 00:01:23 [INFO] Preparing spawn area: 85%
2011-03-19 00:01:24 [INFO] Preparing spawn area: 85%
2011-03-19 00:01:25 [INFO] Preparing spawn area: 85%
2011-03-19 00:01:26 [INFO] Preparing spawn area: 85%
2011-03-19 00:01:27 [INFO] Preparing spawn area: 85%
2011-03-19 00:01:28 [INFO] Preparing spawn area: 85%
2011-03-19 00:01:29 [INFO] Preparing spawn area: 89%
2011-03-19 00:01:30 [INFO] Preparing spawn area: 89%
2011-03-19 00:01:31 [INFO] Preparing spawn area: 89%
2011-03-19 00:01:32 [INFO] Preparing spawn area: 89%
2011-03-19 00:01:33 [INFO] Preparing spawn area: 89%
2011-03-19 00:01:35 [INFO] Preparing spawn area: 89%
2011-03-19 00:01:36 [INFO] Preparing spawn area: 89%
2011-03-19 00:01:37 [INFO] Preparing spawn area: 93%
2011-03-19 00:01:38 [INFO] Preparing spawn area: 93%
2011-03-19 00:01:40 [INFO] Preparing spawn area: 93%
2011-03-19 00:01:41 [INFO] Preparing spawn area: 93%
2011-03-19 00:01:42 [INFO] Preparing spawn area: 93%
2011-03-19 00:01:43 [INFO] Preparing spawn area: 93%
2011-03-19 00:01:44 [INFO] Preparing spawn area: 93%
2011-03-19 00:01:46 [INFO] Preparing spawn area: 97%
2011-03-19 00:01:48 [INFO] Preparing spawn area: 97%
2011-03-19 00:01:49 [INFO] Preparing spawn area: 97%
2011-03-19 00:01:51 [INFO] Preparing spawn area: 97%
2011-03-19 00:01:52 [INFO] Preparing spawn area: 97%
2011-03-19 00:01:54 [INFO] Preparing spawn area: 97%
2011-03-19 00:01:55 [INFO] Preparing spawn area: 97%
2011-03-19 00:01:56 [INFO] Preparing spawn area: 97%
2011-03-19 00:01:56 [INFO] Done (128229826980ns)! For help, type "help" or "?"
2011-03-19 00:02:03 [WARNING] Can't keep up! Did the system time change, or is the server overloaded?
2011-03-19 00:02:06 [INFO] tchalvak [/192.168.1.132:37059] logged in with entity id 958
2011-03-19 00:02:10 [WARNING] Can't keep up! Did the system time change, or is the server overloaded?
2011-03-19 00:02:20 [WARNING] Can't keep up! Did the system time change, or is the server overloaded?
2011-03-19 00:02:25 [WARNING] Can't keep up! Did the system time change, or is the server overloaded?
2011-03-19 00:02:27 [INFO] tchalvak lost connection: disconnect.quitting
2011-03-19 00:02:30 [WARNING] Can't keep up! Did the system time change, or is the server overloaded?
2011-03-19 00:02:34 [INFO] CONSOLE: Stopping the server..
2011-03-19 00:02:34 [INFO] Stopping server
2011-03-19 00:02:34 [INFO] Saving chunks
2011-03-19 00:03:34 [INFO] Starting minecraft server version Beta 1.3
2011-03-19 00:03:34 [INFO] Loading properties
2011-03-19 00:03:34 [INFO] Starting Minecraft server on *:25565
2011-03-19 00:03:34 [INFO] Preparing level "world"
2011-03-19 00:03:34 [INFO] Preparing start region
2011-03-19 00:03:35 [INFO] Preparing spawn area: 12%
2011-03-19 00:03:36 [INFO] Preparing spawn area: 61%
2011-03-19 00:03:37 [INFO] Done (2944320439ns)! For help, type "help" or "?"
2011-03-19 00:03:44 [INFO] tchalvak [/192.168.1.132:37072] logged in with entity id 112
2011-03-19 00:04:04 [INFO] altrntvgrlfrnd [/192.168.1.139:37565] logged in with entity id 118
2011-03-19 00:04:20 [INFO] altrntvgrlfrnd lost connection: disconnect.quitting
2011-03-19 00:04:21 [INFO] tchalvak lost connection: disconnect.quitting
2011-03-19 00:04:24 [WARNING] Can't keep up! Did the system time change, or is the server overloaded?
2011-03-19 00:04:27 [INFO] CONSOLE: Stopping the server..
2011-03-19 00:04:27 [INFO] Stopping server
2011-03-19 00:04:27 [INFO] Saving chunks
2011-03-19 00:07:40 [INFO] Starting minecraft server version Beta 1.3
2011-03-19 00:07:40 [INFO] Loading properties
2011-03-19 00:07:40 [INFO] Starting Minecraft server on *:25565
2011-03-19 00:07:40 [INFO] Preparing level "world"
2011-03-19 00:07:40 [INFO] Preparing start region
2011-03-19 00:07:41 [INFO] Preparing spawn area: 28%
2011-03-19 00:07:42 [INFO] Preparing spawn area: 81%
2011-03-19 00:07:42 [INFO] Done (2573794015ns)! For help, type "help" or "?"
2011-03-19 00:07:53 [INFO] altrntvgrlfrnd [/192.168.1.139:45716] logged in with entity id 93
2011-03-19 00:09:07 [WARNING] Can't keep up! Did the system time change, or is the server overloaded?
2011-03-19 00:09:25 [WARNING] Can't keep up! Did the system time change, or is the server overloaded?
2011-03-19 00:09:35 [WARNING] Can't keep up! Did the system time change, or is the server overloaded?
2011-03-19 00:14:30 [INFO] tchalvak [/192.168.1.132:36077] logged in with entity id 1110
2011-03-19 00:43:55 [INFO] tchalvak lost connection: disconnect.quitting
2011-03-19 00:47:16 [INFO] tchalvak [/192.168.1.132:59357] logged in with entity id 21684
2011-03-19 00:55:44 [INFO] altrntvgrlfrnd lost connection: disconnect.quitting
2011-03-19 01:03:00 [INFO] tchalvak lost connection: disconnect.quitting
2011-03-19 01:03:03 [INFO] tchalvak [/192.168.1.132:39188] logged in with entity id 26945
2011-03-19 01:08:19 [INFO] tchalvak lost connection: disconnect.quitting
2011-03-19 01:13:21 [INFO] tchalvak [/192.168.1.132:38037] logged in with entity id 28571
2011-03-19 01:29:54 [INFO] <tchalvak> t
2011-03-19 01:37:18 [INFO] tchalvak lost connection: disconnect.quitting
2011-03-19 01:37:21 [WARNING] Can't keep up! Did the system time change, or is the server overloaded?
2011-03-19 01:37:27 [INFO] CONSOLE: Stopping the server..
2011-03-19 01:37:27 [INFO] Stopping server
2011-03-19 01:37:27 [INFO] Saving chunks
2011-03-20 17:32:56 [INFO] Starting minecraft server version Beta 1.3
2011-03-20 17:32:56 [INFO] Loading properties
2011-03-20 17:32:56 [INFO] Starting Minecraft server on *:25565
2011-03-20 17:32:56 [INFO] Preparing level "world"
2011-03-20 17:32:56 [INFO] Preparing start region
2011-03-20 17:32:58 [INFO] Preparing spawn area: 28%
2011-03-20 17:32:59 [INFO] Preparing spawn area: 77%
2011-03-20 17:32:59 [INFO] Done (2777836285ns)! For help, type "help" or "?"
2011-03-20 17:34:33 [INFO] /192.168.1.132:46798 lost connection
2011-03-20 17:38:23 [INFO] tchalvak [/192.168.1.132:46842] logged in with entity id 57
2011-03-20 17:38:26 [WARNING] Can't keep up! Did the system time change, or is the server overloaded?
2011-03-20 17:38:30 [WARNING] Can't keep up! Did the system time change, or is the server overloaded?
2011-03-20 17:38:32 [WARNING] Can't keep up! Did the system time change, or is the server overloaded?
2011-03-20 17:38:34 [WARNING] Can't keep up! Did the system time change, or is the server overloaded?
2011-03-20 17:39:52 [INFO] To run the server without a gui, start it like this:
2011-03-20 17:39:52 [INFO]    java -Xmx1024M -Xms1024M -jar minecraft_server.jar nogui
2011-03-20 17:39:52 [INFO] Console commands:
2011-03-20 17:39:52 [INFO]    help  or  ?               shows this message
2011-03-20 17:39:52 [INFO]    kick <player>             removes a player from the server
2011-03-20 17:39:52 [INFO]    ban <player>              bans a player from the server
2011-03-20 17:39:52 [INFO]    pardon <player>           pardons a banned player so that they can connect again
2011-03-20 17:39:52 [INFO]    ban-ip <ip>               bans an IP address from the server
2011-03-20 17:39:52 [INFO]    pardon-ip <ip>            pardons a banned IP address so that they can connect again
2011-03-20 17:39:52 [INFO]    op <player>               turns a player into an op
2011-03-20 17:39:52 [INFO]    deop <player>             removes op status from a player
2011-03-20 17:39:52 [INFO]    tp <player1> <player2>    moves one player to the same location as another player
2011-03-20 17:39:52 [INFO]    give <player> <id> [num]  gives a player a resource
2011-03-20 17:39:52 [INFO]    tell <player> <message>   sends a private message to a player
2011-03-20 17:39:52 [INFO]    stop                      gracefully stops the server
2011-03-20 17:39:52 [INFO]    save-all                  forces a server-wide level save
2011-03-20 17:39:52 [INFO]    save-off                  disables terrain saving (useful for backup scripts)
2011-03-20 17:39:52 [INFO]    save-on                   re-enables terrain saving
2011-03-20 17:39:52 [INFO]    list                      lists all currently connected players
2011-03-20 17:39:52 [INFO]    say <message>             broadcasts a message to all players
2011-03-20 17:39:52 [INFO]    time <add|set> <amount>   adds to or sets the world time (0-24000)
2011-03-20 17:40:46 [INFO] tchalvak tried command: give tchalvak 15 2
2011-03-20 17:54:26 [INFO] Unknown console command. Type "help" for help.
2011-03-20 17:55:13 [INFO] CONSOLE: Opping tchalvak
2011-03-20 17:55:43 [INFO] tchalvak issued server command: give tchalvak 15 2
2011-03-20 17:55:43 [INFO] tchalvak: Giving tchalvak some 15
2011-03-20 17:55:57 [INFO] tchalvak issued server command: give tchalvak 15 100
2011-03-20 17:55:57 [INFO] tchalvak: Giving tchalvak some 15
2011-03-20 17:57:13 [INFO] tchalvak issued server command: give tchalvak 15 128
2011-03-20 17:57:13 [INFO] tchalvak: Giving tchalvak some 15
2011-03-20 18:12:56 [WARNING] Can't keep up! Did the system time change, or is the server overloaded?
2011-03-20 18:16:58 [WARNING] Can't keep up! Did the system time change, or is the server overloaded?
2011-03-20 18:21:24 [WARNING] Can't keep up! Did the system time change, or is the server overloaded?
2011-03-20 18:21:29 [WARNING] Can't keep up! Did the system time change, or is the server overloaded?
2011-03-20 18:21:32 [WARNING] Can't keep up! Did the system time change, or is the server overloaded?
2011-03-20 18:21:35 [WARNING] Can't keep up! Did the system time change, or is the server overloaded?
2011-03-20 18:21:38 [WARNING] Can't keep up! Did the system time change, or is the server overloaded?
2011-03-20 18:21:40 [WARNING] Can't keep up! Did the system time change, or is the server overloaded?
2011-03-20 18:21:44 [WARNING] Can't keep up! Did the system time change, or is the server overloaded?
2011-03-20 18:21:47 [WARNING] Can't keep up! Did the system time change, or is the server overloaded?
2011-03-20 18:21:50 [WARNING] Can't keep up! Did the system time change, or is the server overloaded?
2011-03-20 18:21:53 [WARNING] Can't keep up! Did the system time change, or is the server overloaded?
2011-03-20 18:21:55 [WARNING] Can't keep up! Did the system time change, or is the server overloaded?
2011-03-20 18:22:00 [WARNING] Can't keep up! Did the system time change, or is the server overloaded?
2011-03-20 18:22:02 [WARNING] Can't keep up! Did the system time change, or is the server overloaded?
2011-03-20 18:22:05 [WARNING] Can't keep up! Did the system time change, or is the server overloaded?
2011-03-20 18:22:07 [WARNING] Can't keep up! Did the system time change, or is the server overloaded?
2011-03-20 18:22:11 [WARNING] Can't keep up! Did the system time change, or is the server overloaded?
2011-03-20 18:22:18 [WARNING] Can't keep up! Did the system time change, or is the server overloaded?
2011-03-20 18:24:31 [WARNING] Can't keep up! Did the system time change, or is the server overloaded?
2011-03-20 18:24:34 [WARNING] Can't keep up! Did the system time change, or is the server overloaded?
2011-03-20 18:25:18 [WARNING] Can't keep up! Did the system time change, or is the server overloaded?
2011-03-20 18:25:40 [WARNING] Can't keep up! Did the system time change, or is the server overloaded?
2011-03-20 18:25:42 [WARNING] Can't keep up! Did the system time change, or is the server overloaded?
2011-03-20 18:26:45 [WARNING] Can't keep up! Did the system time change, or is the server overloaded?
2011-03-20 18:26:52 [WARNING] Can't keep up! Did the system time change, or is the server overloaded?
2011-03-20 18:26:55 [WARNING] Can't keep up! Did the system time change, or is the server overloaded?
2011-03-20 18:26:58 [WARNING] Can't keep up! Did the system time change, or is the server overloaded?
2011-03-20 18:27:00 [WARNING] Can't keep up! Did the system time change, or is the server overloaded?
2011-03-20 18:27:03 [WARNING] Can't keep up! Did the system time change, or is the server overloaded?
2011-03-20 18:27:06 [WARNING] Can't keep up! Did the system time change, or is the server overloaded?
2011-03-20 18:27:09 [WARNING] Can't keep up! Did the system time change, or is the server overloaded?
2011-03-20 18:27:11 [WARNING] Can't keep up! Did the system time change, or is the server overloaded?
2011-03-20 18:27:13 [WARNING] Can't keep up! Did the system time change, or is the server overloaded?
2011-03-20 18:27:25 [WARNING] Can't keep up! Did the system time change, or is the server overloaded?
2011-03-20 18:27:28 [WARNING] Can't keep up! Did the system time change, or is the server overloaded?
2011-03-20 18:27:30 [WARNING] Can't keep up! Did the system time change, or is the server overloaded?
2011-03-20 18:27:33 [WARNING] Can't keep up! Did the system time change, or is the server overloaded?
2011-03-20 18:27:35 [WARNING] Can't keep up! Did the system time change, or is the server overloaded?
2011-03-20 18:27:38 [WARNING] Can't keep up! Did the system time change, or is the server overloaded?
2011-03-20 18:27:41 [WARNING] Can't keep up! Did the system time change, or is the server overloaded?
2011-03-20 18:27:44 [WARNING] Can't keep up! Did the system time change, or is the server overloaded?
2011-03-20 18:27:59 [WARNING] Can't keep up! Did the system time change, or is the server overloaded?
2011-03-20 18:28:02 [WARNING] Can't keep up! Did the system time change, or is the server overloaded?
2011-03-20 18:28:04 [WARNING] Can't keep up! Did the system time change, or is the server overloaded?
2011-03-20 18:28:07 [WARNING] Can't keep up! Did the system time change, or is the server overloaded?
2011-03-20 18:28:10 [WARNING] Can't keep up! Did the system time change, or is the server overloaded?
2011-03-20 18:28:13 [WARNING] Can't keep up! Did the system time change, or is the server overloaded?
2011-03-20 18:28:16 [WARNING] Can't keep up! Did the system time change, or is the server overloaded?
2011-03-20 18:28:19 [WARNING] Can't keep up! Did the system time change, or is the server overloaded?
2011-03-20 18:28:23 [WARNING] Can't keep up! Did the system time change, or is the server overloaded?
2011-03-20 18:28:26 [WARNING] Can't keep up! Did the system time change, or is the server overloaded?
2011-03-20 18:28:31 [WARNING] Can't keep up! Did the system time change, or is the server overloaded?
2011-03-20 18:28:34 [WARNING] Can't keep up! Did the system time change, or is the server overloaded?
2011-03-20 18:29:51 [WARNING] Can't keep up! Did the system time change, or is the server overloaded?
2011-03-20 18:36:43 [INFO] tchalvak lost connection: disconnect.quitting
2011-03-20 18:36:47 [WARNING] Can't keep up! Did the system time change, or is the server overloaded?
2011-03-20 18:37:00 [INFO] CONSOLE: Stopping the server..
2011-03-20 18:37:00 [INFO] Stopping server
2011-03-20 18:37:00 [INFO] Saving chunks
2011-03-20 23:01:33 [INFO] Starting minecraft server version Beta 1.3
2011-03-20 23:01:34 [INFO] Loading properties
2011-03-20 23:01:34 [INFO] Starting Minecraft server on *:25565
2011-03-20 23:01:34 [INFO] Preparing level "world"
2011-03-20 23:01:34 [INFO] Preparing start region
2011-03-20 23:01:35 [INFO] Preparing spawn area: 24%
2011-03-20 23:01:36 [INFO] Preparing spawn area: 77%
2011-03-20 23:01:37 [INFO] Done (2834899332ns)! For help, type "help" or "?"
2011-03-20 23:02:13 [INFO] CONSOLE: Opping altrntvgrlfrnd
2011-03-20 23:04:54 [INFO] CONSOLE: Opping altrntvgrlfrnd
2011-03-20 23:17:11 [INFO] altrntvgrlfrnd [/192.168.1.139:52475] logged in with entity id 79
2011-03-20 23:17:41 [INFO] altrntvgrlfrnd issued server command: give altrntvgrlfrnd 261
2011-03-20 23:17:41 [INFO] altrntvgrlfrnd: Giving altrntvgrlfrnd some 261
2011-03-20 23:19:18 [INFO] altrntvgrlfrnd issued server command: give altrntvgrlfrnd 3 640
2011-03-20 23:19:18 [INFO] altrntvgrlfrnd: Giving altrntvgrlfrnd some 3
2011-03-20 23:19:55 [INFO] altrntvgrlfrnd issued server command: give altrntvgrlfrnd 3 200
2011-03-20 23:19:55 [INFO] altrntvgrlfrnd: Giving altrntvgrlfrnd some 3
2011-03-20 23:20:10 [INFO] altrntvgrlfrnd issued server command: give altrntvgrlfrnd 3 64
2011-03-20 23:20:10 [INFO] altrntvgrlfrnd: Giving altrntvgrlfrnd some 3
2011-03-20 23:21:32 [INFO] altrntvgrlfrnd issued server command: give altrntvgrlfrd 3 64
2011-03-20 23:21:48 [INFO] altrntvgrlfrnd issued server command: give altrntvgrlfrnd 3 62
2011-03-20 23:21:48 [INFO] altrntvgrlfrnd: Giving altrntvgrlfrnd some 3
2011-03-20 23:22:06 [INFO] altrntvgrlfrnd issued server command: give altrntvgrlfrnd 3 64
2011-03-20 23:22:06 [INFO] altrntvgrlfrnd: Giving altrntvgrlfrnd some 3
2011-03-20 23:28:47 [INFO] altrntvgrlfrnd issued server command: give altrntvgrlfrnd 65 64
2011-03-20 23:28:47 [INFO] altrntvgrlfrnd: Giving altrntvgrlfrnd some 65
2011-03-21 00:00:13 [INFO] altrntvgrlfrnd issued server command: give altrntvgrlfrnd 326 5
2011-03-21 00:00:13 [INFO] altrntvgrlfrnd: Giving altrntvgrlfrnd some 326
2011-03-21 00:00:54 [INFO] altrntvgrlfrnd issued server command: give altrntvgrlfrnd 326 8
2011-03-21 00:00:54 [INFO] altrntvgrlfrnd: Giving altrntvgrlfrnd some 326
2011-03-21 00:03:31 [INFO] altrntvgrlfrnd issued server command: give altrntvgrlfrnd 326 8
2011-03-21 00:03:31 [INFO] altrntvgrlfrnd: Giving altrntvgrlfrnd some 326
2011-03-21 00:09:57 [INFO] altrntvgrlfrnd issued server command: give altrntvgrlfrnd 54 10
2011-03-21 00:09:57 [INFO] altrntvgrlfrnd: Giving altrntvgrlfrnd some 54
2011-03-21 00:11:36 [INFO] altrntvgrlfrnd issued server command: give altrntvgrlfrnd 3 63
2011-03-21 00:11:36 [INFO] altrntvgrlfrnd: Giving altrntvgrlfrnd some 3
2011-03-21 00:12:00 [INFO] altrntvgrlfrnd issued server command: give altrntvgrlfrnd 3 64
2011-03-21 00:12:00 [INFO] altrntvgrlfrnd: Giving altrntvgrlfrnd some 3
2011-03-21 00:12:11 [INFO] altrntvgrlfrnd issued server command: give altrntvgrlfrnd 3 64
2011-03-21 00:12:11 [INFO] altrntvgrlfrnd: Giving altrntvgrlfrnd some 3
2011-03-21 00:12:25 [INFO] altrntvgrlfrnd issued server command: give altrntvgrlfrnd 3 32
2011-03-21 00:12:25 [INFO] altrntvgrlfrnd: Giving altrntvgrlfrnd some 3
2011-03-21 00:12:36 [INFO] altrntvgrlfrnd issued server command: give altrntvgrlfrnd 3 64
2011-03-21 00:12:36 [INFO] altrntvgrlfrnd: Giving altrntvgrlfrnd some 3
2011-03-21 00:12:51 [INFO] altrntvgrlfrnd issued server command: give altrntvgrlfrnd 3 64
2011-03-21 00:12:51 [INFO] altrntvgrlfrnd: Giving altrntvgrlfrnd some 3
2011-03-21 00:13:05 [INFO] altrntvgrlfrnd issued server command: give altrntvgrlfrnd 3 64
2011-03-21 00:13:05 [INFO] altrntvgrlfrnd: Giving altrntvgrlfrnd some 3
2011-03-21 00:13:21 [INFO] altrntvgrlfrnd issued server command: give altrntvgrlfrnd 3 64
2011-03-21 00:13:21 [INFO] altrntvgrlfrnd: Giving altrntvgrlfrnd some 3
2011-03-21 00:13:34 [INFO] altrntvgrlfrnd issued server command: give altrntvgrlfrnd 3 64
2011-03-21 00:13:34 [INFO] altrntvgrlfrnd: Giving altrntvgrlfrnd some 3
2011-03-21 00:13:46 [INFO] altrntvgrlfrnd issued server command: give altrntvgrlfrnd 3 64
2011-03-21 00:13:46 [INFO] altrntvgrlfrnd: Giving altrntvgrlfrnd some 3
2011-03-21 00:13:55 [INFO] altrntvgrlfrnd issued server command: give altrntvgrlfrnd 3 64
2011-03-21 00:13:55 [INFO] altrntvgrlfrnd: Giving altrntvgrlfrnd some 3
2011-03-21 00:23:31 [INFO] altrntvgrlfrnd issued server command: give altrntvgrlfrnd 48 64
2011-03-21 00:23:31 [INFO] altrntvgrlfrnd: Giving altrntvgrlfrnd some 48
2011-03-21 00:24:32 [INFO] altrntvgrlfrnd issued server command: give altrntvgrlfrnd 278
2011-03-21 00:24:32 [INFO] altrntvgrlfrnd: Giving altrntvgrlfrnd some 278
2011-03-21 00:27:41 [INFO] altrntvgrlfrnd issued server command: give altrntvgrlfrnd 48 64
2011-03-21 00:27:41 [INFO] altrntvgrlfrnd: Giving altrntvgrlfrnd some 48
2011-03-21 00:31:08 [INFO] altrntvgrlfrnd issued server command: give altrntvgrlfrnd 20 64
2011-03-21 00:31:08 [INFO] altrntvgrlfrnd: Giving altrntvgrlfrnd some 20
2011-03-21 00:32:27 [INFO] altrntvgrlfrnd issued server command: give altrntvgrlfrnd 85 64
2011-03-21 00:32:27 [INFO] altrntvgrlfrnd: Giving altrntvgrlfrnd some 85
2011-03-21 00:33:57 [INFO] altrntvgrlfrnd issued server command: give altrntvgrlfrnd 277
2011-03-21 00:33:57 [INFO] altrntvgrlfrnd: Giving altrntvgrlfrnd some 277
2011-03-21 01:05:01 [INFO] altrntvgrlfrnd issued server command: give altrntvgrlfrnd 89 64
2011-03-21 01:05:01 [INFO] altrntvgrlfrnd: Giving altrntvgrlfrnd some 89
2011-03-21 01:18:52 [INFO] altrntvgrlfrnd issued server command: give altrntvgrlfrnd 4 64
2011-03-21 01:18:52 [INFO] altrntvgrlfrnd: Giving altrntvgrlfrnd some 4
2011-03-21 01:19:07 [INFO] altrntvgrlfrnd issued server command: give altrntvgrlfrnd 4 64
2011-03-21 01:19:07 [INFO] altrntvgrlfrnd: Giving altrntvgrlfrnd some 4
2011-03-21 01:19:22 [INFO] altrntvgrlfrnd issued server command: give altrntvgrlfrnd 4 64
2011-03-21 01:19:22 [INFO] altrntvgrlfrnd: Giving altrntvgrlfrnd some 4
2011-03-21 01:19:35 [INFO] altrntvgrlfrnd issued server command: give altrntvgrlfrnd 4 64
2011-03-21 01:19:35 [INFO] altrntvgrlfrnd: Giving altrntvgrlfrnd some 4
2011-03-21 01:43:21 [INFO] altrntvgrlfrnd issued server command: give altrntvgrlfrnd 4 64
2011-03-21 01:43:21 [INFO] altrntvgrlfrnd: Giving altrntvgrlfrnd some 4
2011-03-21 01:43:35 [INFO] altrntvgrlfrnd issued server command: give altrntvgrlfrnd 4 64
2011-03-21 01:43:35 [INFO] altrntvgrlfrnd: Giving altrntvgrlfrnd some 4
2011-03-21 01:50:24 [INFO] altrntvgrlfrnd issued server command: give altrntvgrlfrnd 4 64
2011-03-21 01:50:24 [INFO] altrntvgrlfrnd: Giving altrntvgrlfrnd some 4
2011-03-21 01:50:39 [INFO] altrntvgrlfrnd issued server command: give altrntvgrlfrnd 4 64
2011-03-21 01:50:39 [INFO] altrntvgrlfrnd: Giving altrntvgrlfrnd some 4
2011-03-21 01:50:50 [INFO] altrntvgrlfrnd issued server command: give altrntvgrlfrnd 4 64
2011-03-21 01:50:50 [INFO] altrntvgrlfrnd: Giving altrntvgrlfrnd some 4
2011-03-21 01:57:12 [INFO] altrntvgrlfrnd issued server command: give altrntvgrlfrnd 20 64
2011-03-21 01:57:12 [INFO] altrntvgrlfrnd: Giving altrntvgrlfrnd some 20
2011-03-21 01:57:31 [INFO] altrntvgrlfrnd issued server command: give altrntvgrlfrnd 20 64
2011-03-21 01:57:31 [INFO] altrntvgrlfrnd: Giving altrntvgrlfrnd some 20
2011-03-21 02:08:04 [INFO] altrntvgrlfrnd issued server command: give altrntvgrlfrnd 67 64
2011-03-21 02:08:04 [INFO] altrntvgrlfrnd: Giving altrntvgrlfrnd some 67
2011-03-21 02:17:47 [INFO] altrntvgrlfrnd issued server command: give altrntvgrlfrnd 58
2011-03-21 02:17:47 [INFO] altrntvgrlfrnd: Giving altrntvgrlfrnd some 58
2011-03-21 02:18:19 [INFO] altrntvgrlfrnd issued server command: give altrntvgrlfrnd 5 64
2011-03-21 02:18:19 [INFO] altrntvgrlfrnd: Giving altrntvgrlfrnd some 5
2011-03-21 02:21:10 [INFO] altrntvgrlfrnd lost connection: disconnect.quitting
2011-03-21 02:22:00 [INFO] Unknown console command. Type "help" for help.
2011-03-21 02:22:03 [INFO] To run the server without a gui, start it like this:
2011-03-21 02:22:03 [INFO]    java -Xmx1024M -Xms1024M -jar minecraft_server.jar nogui
2011-03-21 02:22:03 [INFO] Console commands:
2011-03-21 02:22:03 [INFO]    help  or  ?               shows this message
2011-03-21 02:22:03 [INFO]    kick <player>             removes a player from the server
2011-03-21 02:22:03 [INFO]    ban <player>              bans a player from the server
2011-03-21 02:22:03 [INFO]    pardon <player>           pardons a banned player so that they can connect again
2011-03-21 02:22:03 [INFO]    ban-ip <ip>               bans an IP address from the server
2011-03-21 02:22:03 [INFO]    pardon-ip <ip>            pardons a banned IP address so that they can connect again
2011-03-21 02:22:03 [INFO]    op <player>               turns a player into an op
2011-03-21 02:22:03 [INFO]    deop <player>             removes op status from a player
2011-03-21 02:22:03 [INFO]    tp <player1> <player2>    moves one player to the same location as another player
2011-03-21 02:22:03 [INFO]    give <player> <id> [num]  gives a player a resource
2011-03-21 02:22:03 [INFO]    tell <player> <message>   sends a private message to a player
2011-03-21 02:22:03 [INFO]    stop                      gracefully stops the server
2011-03-21 02:22:03 [INFO]    save-all                  forces a server-wide level save
2011-03-21 02:22:03 [INFO]    save-off                  disables terrain saving (useful for backup scripts)
2011-03-21 02:22:03 [INFO]    save-on                   re-enables terrain saving
2011-03-21 02:22:03 [INFO]    list                      lists all currently connected players
2011-03-21 02:22:03 [INFO]    say <message>             broadcasts a message to all players
2011-03-21 02:22:03 [INFO]    time <add|set> <amount>   adds to or sets the world time (0-24000)
2011-03-21 02:22:14 [INFO] CONSOLE: Stopping the server..
2011-03-21 02:22:14 [INFO] Stopping server
2011-03-21 02:22:14 [INFO] Saving chunks
2011-03-23 22:33:14 [INFO] Starting minecraft server version Beta 1.3
2011-03-23 22:33:14 [INFO] Loading properties
2011-03-23 22:33:14 [INFO] Starting Minecraft server on *:25565
2011-03-23 22:33:15 [INFO] Preparing level "world"
2011-03-23 22:33:15 [INFO] Preparing start region
2011-03-23 22:33:16 [INFO] Preparing spawn area: 40%
2011-03-23 22:33:17 [INFO] Preparing spawn area: 93%
2011-03-23 22:33:17 [INFO] Done (2611664124ns)! For help, type "help" or "?"
2011-03-23 22:34:45 [INFO] altrntvgrlfrnd [/192.168.1.139:36848] logged in with entity id 45
2011-03-23 22:36:18 [INFO] tchalvak [/192.168.1.132:42101] logged in with entity id 1121
2011-03-23 22:36:31 [INFO] tchalvak lost connection: disconnect.quitting
2011-03-23 22:36:35 [INFO] tchalvak [/192.168.1.132:42110] logged in with entity id 1378
2011-03-23 22:36:50 [INFO] altrntvgrlfrnd issued server command: give tchalvak 87 64
2011-03-23 22:36:50 [INFO] altrntvgrlfrnd: Giving tchalvak some 87
2011-03-23 22:38:56 [INFO] <altrntvgrlfrnd> give altrntvgrlfrnd 2 64
2011-03-23 22:39:23 [INFO] altrntvgrlfrnd issued server command: give altrntvgrlfrnd 2 64
2011-03-23 22:39:23 [INFO] altrntvgrlfrnd: Giving altrntvgrlfrnd some 2
2011-03-23 22:39:36 [INFO] altrntvgrlfrnd issued server command: give altrntvgrlfrnd 2 64
2011-03-23 22:39:36 [INFO] altrntvgrlfrnd: Giving altrntvgrlfrnd some 2
2011-03-23 22:45:06 [WARNING] Can't keep up! Did the system time change, or is the server overloaded?
2011-03-23 22:45:18 [WARNING] Can't keep up! Did the system time change, or is the server overloaded?
2011-03-23 22:46:21 [WARNING] Can't keep up! Did the system time change, or is the server overloaded?
2011-03-23 22:46:38 [WARNING] Can't keep up! Did the system time change, or is the server overloaded?
2011-03-23 22:46:46 [WARNING] Can't keep up! Did the system time change, or is the server overloaded?
2011-03-23 22:46:52 [WARNING] Can't keep up! Did the system time change, or is the server overloaded?
2011-03-23 22:47:06 [WARNING] Can't keep up! Did the system time change, or is the server overloaded?
2011-03-23 22:48:08 [WARNING] Can't keep up! Did the system time change, or is the server overloaded?
2011-03-23 22:48:29 [INFO] altrntvgrlfrnd issued server command: give tchalvak 264 64
2011-03-23 22:48:29 [INFO] altrntvgrlfrnd: Giving tchalvak some 264
2011-03-23 22:49:06 [WARNING] Can't keep up! Did the system time change, or is the server overloaded?
2011-03-23 22:54:30 [WARNING] Can't keep up! Did the system time change, or is the server overloaded?
2011-03-23 22:54:32 [WARNING] Can't keep up! Did the system time change, or is the server overloaded?
2011-03-23 22:54:35 [WARNING] Can't keep up! Did the system time change, or is the server overloaded?
2011-03-23 22:54:37 [WARNING] Can't keep up! Did the system time change, or is the server overloaded?
2011-03-23 22:54:39 [WARNING] Can't keep up! Did the system time change, or is the server overloaded?
2011-03-23 22:54:42 [WARNING] Can't keep up! Did the system time change, or is the server overloaded?
2011-03-23 22:54:45 [WARNING] Can't keep up! Did the system time change, or is the server overloaded?
2011-03-23 22:54:48 [WARNING] Can't keep up! Did the system time change, or is the server overloaded?
2011-03-23 22:54:51 [WARNING] Can't keep up! Did the system time change, or is the server overloaded?
2011-03-23 22:54:54 [WARNING] Can't keep up! Did the system time change, or is the server overloaded?
2011-03-23 22:54:57 [WARNING] Can't keep up! Did the system time change, or is the server overloaded?
2011-03-23 22:55:01 [WARNING] Can't keep up! Did the system time change, or is the server overloaded?
2011-03-23 22:55:04 [WARNING] Can't keep up! Did the system time change, or is the server overloaded?
2011-03-23 22:55:08 [WARNING] Can't keep up! Did the system time change, or is the server overloaded?
2011-03-23 22:55:11 [WARNING] Can't keep up! Did the system time change, or is the server overloaded?
2011-03-23 22:55:14 [WARNING] Can't keep up! Did the system time change, or is the server overloaded?
2011-03-23 22:55:17 [WARNING] Can't keep up! Did the system time change, or is the server overloaded?
2011-03-23 22:55:20 [WARNING] Can't keep up! Did the system time change, or is the server overloaded?
2011-03-23 22:55:22 [WARNING] Can't keep up! Did the system time change, or is the server overloaded?
2011-03-23 22:55:25 [WARNING] Can't keep up! Did the system time change, or is the server overloaded?
2011-03-23 22:55:28 [WARNING] Can't keep up! Did the system time change, or is the server overloaded?
2011-03-23 22:55:31 [WARNING] Can't keep up! Did the system time change, or is the server overloaded?
2011-03-23 22:55:34 [WARNING] Can't keep up! Did the system time change, or is the server overloaded?
2011-03-23 22:55:37 [WARNING] Can't keep up! Did the system time change, or is the server overloaded?
2011-03-23 22:55:40 [WARNING] Can't keep up! Did the system time change, or is the server overloaded?
2011-03-23 22:55:43 [WARNING] Can't keep up! Did the system time change, or is the server overloaded?
2011-03-23 22:55:46 [WARNING] Can't keep up! Did the system time change, or is the server overloaded?
2011-03-23 22:55:49 [WARNING] Can't keep up! Did the system time change, or is the server overloaded?
2011-03-23 22:55:51 [WARNING] Can't keep up! Did the system time change, or is the server overloaded?
2011-03-23 22:55:52 [INFO] altrntvgrlfrnd issued server command: give altrntvgrlfrnd 2 64
2011-03-23 22:55:52 [INFO] altrntvgrlfrnd: Giving altrntvgrlfrnd some 2
2011-03-23 22:55:54 [WARNING] Can't keep up! Did the system time change, or is the server overloaded?
2011-03-23 22:55:57 [WARNING] Can't keep up! Did the system time change, or is the server overloaded?
2011-03-23 22:56:00 [WARNING] Can't keep up! Did the system time change, or is the server overloaded?
2011-03-23 22:56:02 [WARNING] Can't keep up! Did the system time change, or is the server overloaded?
2011-03-23 22:56:05 [INFO] altrntvgrlfrnd issued server command: give altrntvgrlfrnd 2 64
2011-03-23 22:56:05 [INFO] altrntvgrlfrnd: Giving altrntvgrlfrnd some 2
2011-03-23 22:56:07 [WARNING] Can't keep up! Did the system time change, or is the server overloaded?
2011-03-23 22:56:11 [WARNING] Can't keep up! Did the system time change, or is the server overloaded?
2011-03-23 22:56:11 [INFO] altrntvgrlfrnd issued server command: give altrntvgrlfrnd 2 64
2011-03-23 22:56:11 [INFO] altrntvgrlfrnd: Giving altrntvgrlfrnd some 2
2011-03-23 22:56:14 [WARNING] Can't keep up! Did the system time change, or is the server overloaded?
2011-03-23 22:56:18 [WARNING] Can't keep up! Did the system time change, or is the server overloaded?
2011-03-23 22:56:20 [INFO] altrntvgrlfrnd issued server command: give altrntvgrlfrnd 2 64
2011-03-23 22:56:20 [INFO] altrntvgrlfrnd: Giving altrntvgrlfrnd some 2
2011-03-23 22:56:21 [WARNING] Can't keep up! Did the system time change, or is the server overloaded?
2011-03-23 22:56:28 [WARNING] Can't keep up! Did the system time change, or is the server overloaded?
2011-03-23 22:56:31 [WARNING] Can't keep up! Did the system time change, or is the server overloaded?
2011-03-23 22:56:34 [WARNING] Can't keep up! Did the system time change, or is the server overloaded?
2011-03-23 22:56:37 [WARNING] Can't keep up! Did the system time change, or is the server overloaded?
2011-03-23 22:56:40 [WARNING] Can't keep up! Did the system time change, or is the server overloaded?
2011-03-23 22:56:44 [WARNING] Can't keep up! Did the system time change, or is the server overloaded?
2011-03-23 22:56:49 [WARNING] Can't keep up! Did the system time change, or is the server overloaded?
2011-03-23 22:56:52 [WARNING] Can't keep up! Did the system time change, or is the server overloaded?
2011-03-23 22:56:55 [WARNING] Can't keep up! Did the system time change, or is the server overloaded?
2011-03-23 22:56:58 [WARNING] Can't keep up! Did the system time change, or is the server overloaded?
2011-03-23 22:57:01 [WARNING] Can't keep up! Did the system time change, or is the server overloaded?
2011-03-23 22:57:04 [WARNING] Can't keep up! Did the system time change, or is the server overloaded?
2011-03-23 22:57:06 [WARNING] Can't keep up! Did the system time change, or is the server overloaded?
2011-03-23 22:57:10 [WARNING] Can't keep up! Did the system time change, or is the server overloaded?
2011-03-23 22:57:16 [WARNING] Can't keep up! Did the system time change, or is the server overloaded?
2011-03-23 22:57:20 [WARNING] Can't keep up! Did the system time change, or is the server overloaded?
2011-03-23 22:57:23 [WARNING] Can't keep up! Did the system time change, or is the server overloaded?
2011-03-23 22:57:26 [WARNING] Can't keep up! Did the system time change, or is the server overloaded?
2011-03-23 22:57:28 [WARNING] Can't keep up! Did the system time change, or is the server overloaded?
2011-03-23 22:57:31 [WARNING] Can't keep up! Did the system time change, or is the server overloaded?
2011-03-23 22:57:35 [WARNING] Can't keep up! Did the system time change, or is the server overloaded?
2011-03-23 22:57:38 [WARNING] Can't keep up! Did the system time change, or is the server overloaded?
2011-03-23 22:57:41 [WARNING] Can't keep up! Did the system time change, or is the server overloaded?
2011-03-23 22:57:44 [WARNING] Can't keep up! Did the system time change, or is the server overloaded?
2011-03-23 22:57:47 [WARNING] Can't keep up! Did the system time change, or is the server overloaded?
2011-03-23 22:57:49 [WARNING] Can't keep up! Did the system time change, or is the server overloaded?
2011-03-23 22:57:52 [WARNING] Can't keep up! Did the system time change, or is the server overloaded?
2011-03-23 22:57:55 [WARNING] Can't keep up! Did the system time change, or is the server overloaded?
2011-03-23 22:57:57 [WARNING] Can't keep up! Did the system time change, or is the server overloaded?
2011-03-23 22:58:00 [WARNING] Can't keep up! Did the system time change, or is the server overloaded?
2011-03-23 22:58:02 [WARNING] Can't keep up! Did the system time change, or is the server overloaded?
2011-03-23 22:58:05 [WARNING] Can't keep up! Did the system time change, or is the server overloaded?
2011-03-23 22:58:07 [WARNING] Can't keep up! Did the system time change, or is the server overloaded?
2011-03-23 22:58:15 [WARNING] Can't keep up! Did the system time change, or is the server overloaded?
2011-03-23 22:59:42 [INFO] altrntvgrlfrnd issued server command: give tchalvak 259 5
2011-03-23 22:59:42 [INFO] altrntvgrlfrnd: Giving tchalvak some 259
2011-03-23 22:59:59 [INFO] altrntvgrlfrnd issued server command: give tchalvak 256 64
2011-03-23 22:59:59 [INFO] altrntvgrlfrnd: Giving tchalvak some 256
2011-03-23 23:00:52 [INFO] tchalvak issued server command: give tchalvak 256 100
2011-03-23 23:00:52 [INFO] tchalvak: Giving tchalvak some 256
2011-03-23 23:01:15 [INFO] tchalvak issued server command: give tchalvak 50 100
2011-03-23 23:01:15 [INFO] tchalvak: Giving tchalvak some 50
2011-03-23 23:01:29 [INFO] tchalvak issued server command: give tchalvak 255 100
2011-03-23 23:01:38 [INFO] tchalvak issued server command: give tchalvak 254 100
2011-03-23 23:01:51 [INFO] tchalvak issued server command: give tchalvak 257 100
2011-03-23 23:01:51 [INFO] tchalvak: Giving tchalvak some 257
2011-03-23 23:02:19 [INFO] tchalvak issued server command: give tchalvak 265 100
2011-03-23 23:02:19 [INFO] tchalvak: Giving tchalvak some 265
2011-03-23 23:05:09 [INFO] altrntvgrlfrnd issued server command: give altrntvgrlfrnd 3 64
2011-03-23 23:05:09 [INFO] altrntvgrlfrnd: Giving altrntvgrlfrnd some 3
2011-03-23 23:05:19 [INFO] altrntvgrlfrnd issued server command: give altrntvgrlfrnd 3 64
2011-03-23 23:05:19 [INFO] altrntvgrlfrnd: Giving altrntvgrlfrnd some 3
2011-03-23 23:05:50 [INFO] tchalvak issued server command: give altrntvgrlfrnd  46 100
2011-03-23 23:06:10 [INFO] tchalvak issued server command: give altrntvgrlfrnd 46 64
2011-03-23 23:06:10 [INFO] tchalvak: Giving altrntvgrlfrnd some 46
2011-03-23 23:10:53 [INFO] tchalvak lost connection: disconnect.quitting
2011-03-23 23:10:55 [INFO] altrntvgrlfrnd lost connection: disconnect.quitting
2011-03-23 23:11:00 [INFO] CONSOLE: Stopping the server..
2011-03-23 23:11:01 [INFO] Stopping server
2011-03-23 23:11:01 [INFO] Saving chunks
2011-03-23 23:22:40 [INFO] Starting minecraft server version Beta 1.3
2011-03-23 23:22:40 [INFO] Loading properties
2011-03-23 23:22:40 [INFO] Starting Minecraft server on *:25565
2011-03-23 23:22:40 [INFO] Preparing level "world"
2011-03-23 23:22:40 [INFO] Preparing start region
2011-03-23 23:22:42 [INFO] Preparing spawn area: 12%
2011-03-23 23:22:43 [INFO] Preparing spawn area: 56%
2011-03-23 23:22:44 [INFO] Done (3412762023ns)! For help, type "help" or "?"
2011-03-23 23:22:52 [INFO] tchalvak [/192.168.1.132:58807] logged in with entity id 62
2011-03-23 23:22:54 [WARNING] Can't keep up! Did the system time change, or is the server overloaded?
2011-03-23 23:22:57 [WARNING] Can't keep up! Did the system time change, or is the server overloaded?
2011-03-23 23:22:59 [WARNING] Can't keep up! Did the system time change, or is the server overloaded?
2011-03-23 23:23:10 [INFO] tchalvak lost connection: disconnect.quitting
2011-03-23 23:23:12 [WARNING] Can't keep up! Did the system time change, or is the server overloaded?
2011-03-23 23:23:19 [INFO] CONSOLE: Stopping the server..
2011-03-23 23:23:19 [INFO] Stopping server
2011-03-23 23:23:19 [INFO] Saving chunks
